Build started 6/28/2016 4:08:19 PM.
     1>Project "D:\zhu-ty\SealData\SealedData\DRM_app\DRM_app.vcxproj" on node 2 (Rebuild target(s)).
     1>CustomBuild:
         Creating untrusted proxy/bridge routines
       ClCompile:
         C:\Program Files (x86)\IntelSWTools\compilers_and_libraries_2016\windows\bin\ia32\icl.exe /c /Qm32 /I"C:\Program Files (x86)\Intel\IntelSGXSDK\\include" /ZI /nologo /W4 /WX /Od /Qftz- /D __INTEL_COMPILER=1600 /D WIN32 /D _DEBUG /D _CONSOLE /D _MBCS /EHsc /RTC1 /MDd /GS /Zc:wchar_t /Zc:forScope /Fo"Debug\\" /Fd"Debug\vc110.pdb" /Gd /TP DRM_app.cpp ReplayProtectedDRM.cpp stdafx.cpp TimeBasedDRM.cpp
         DRM_app.cpp
         ReplayProtectedDRM.cpp
         stdafx.cpp
         TimeBasedDRM.cpp
         C:\Program Files (x86)\IntelSWTools\compilers_and_libraries_2016\windows\bin\ia32\icl.exe /c /Qm32 /I"C:\Program Files (x86)\Intel\IntelSGXSDK\\include" /ZI /nologo /W4 /WX /Od /Qftz- /D __INTEL_COMPILER=1600 /D WIN32 /D _DEBUG /D _CONSOLE /D _MBCS /EHsc /RTC1 /MDd /GS /Zc:wchar_t /Zc:forScope /Fo"Debug\\" /Fd"Debug\vc110.pdb" /Gd /TC DRM_enclave_u.c
         DRM_enclave_u.c
       Link:
         C:\Program Files (x86)\IntelSWTools\compilers_and_libraries_2016\windows\bin\ia32\xilink.exe -qm32 /OUT:"D:\zhu-ty\SealData\SealedData\Debug\DRM_app.exe" /INCREMENTAL /NOLOGO /LIBPATH:"C:\Program Files (x86)\Intel\IntelSGXSDK\\bin\Win32\Debug" /WX sgx_urts.lib sgx_uae_service.lib kernel32.lib user32.lib gdi32.lib winspool.lib comdlg32.lib advapi32.lib shell32.lib ole32.lib oleaut32.lib uuid.lib odbc32.lib odbccp32.lib /MANIFEST /manifest:embed /MANIFESTUAC:"level='asInvoker' uiAccess='false'" /DEBUG /PDB:"D:\zhu-ty\SealData\SealedData\Debug\DRM_app.pdb" /SUBSYSTEM:CONSOLE /TLBID:1 /DYNAMICBASE /NXCOMPAT /IMPLIB:"D:\zhu-ty\SealData\SealedData\Debug\DRM_app.lib" /MACHINE:X86 Debug\DRM_app.obj
         Debug\DRM_enclave_u.obj
         Debug\ReplayProtectedDRM.obj
         Debug\stdafx.obj
         Debug\TimeBasedDRM.obj
     1>Done Building Project "D:\zhu-ty\SealData\SealedData\DRM_app\DRM_app.vcxproj" (Rebuild target(s)).

Build succeeded.

Time Elapsed 00:00:03.09
